<?xml version="1.0" encoding="UTF-8"?>
<!-- Generated by org.testng.reporters.JUnitReportReporter -->
<testsuite skipped="0" hostname="DESKTOP-TU8NQDQ" name="com.p99soft.test.test" tests="1" failures="0" timestamp="07 Feb 2022 13:20:46 GMT" time="5.597" errors="0">
  <testcase name="login" time="5.597" classname="com.p99soft.test.test"/>
</testsuite> <!-- com.p99soft.test.test -->
