<?xml version="1.0" encoding="UTF-8"?>
<!-- Generated by org.testng.reporters.JUnitReportReporter -->
<testsuite skipped="0" hostname="DESKTOP-TU8NQDQ" name="com.p99soft.test.LoginTest" tests="2" failures="0" timestamp="07 Feb 2022 13:43:13 GMT" time="3.766" errors="0">
  <testcase name="login" time="2.751" classname="com.p99soft.test.LoginTest"/>
  <testcase name="verifyLoginErrorwithBlankPhoneEmail" time="1.015" classname="com.p99soft.test.LoginTest"/>
</testsuite> <!-- com.p99soft.test.LoginTest -->
